$ next build
   ▲ Next.js 14.0.4

   Creating an optimized production build ...
 ✓ Compiled successfully
   Linting and checking validity of types ...

./app/page.tsx
20:29  Warning: 'e' is defined but never used.  no-unused-vars

info  - Need to disable some ESLint rules? Learn more here: https://nextjs.org/docs/basic-features/eslint#disabling-rules
   Collecting page data ...
   Generating static pages (0/5) ...
   Generating static pages (1/5) 
   Generating static pages (2/5) 
   Generating static pages (3/5) 
 ✓ Generating static pages (5/5) 
   Finalizing page optimization ...
   Collecting build traces ...

Route (app)                              Size     First Load JS
┌ ○ /                                    50.6 kB         152 kB
└ ○ /_not-found                          872 B          82.8 kB
+ First Load JS shared by all            81.9 kB
  ├ chunks/16-fdb9cb398e2aee05.js        26.7 kB
  ├ chunks/1dd3208c-64f1eb92d8c7555a.js  53.3 kB
  ├ chunks/main-app-045fd4affd0c7573.js  220 B
  └ chunks/webpack-8a30d0e6058800c9.js   1.68 kB


○  (Static)  prerendered as static content

